Detecting compiler hash for triplet x64-windows...
Detecting compiler hash for triplet x64-mingw-dynamic...
The following packages will be built and installed:
  * egl-registry:x64-mingw-dynamic -> 2022-09-20 -- C:\Users\alkemper\source\repos\Other endless sky\endless-sky\vcpkg\buildtrees\versioning_\versions\egl-registry\e596b6c29ad16da764aab6f2fef830a3a884f14b
    glew:x64-mingw-dynamic -> 2.2.0#3 -- C:\Users\alkemper\source\repos\Other endless sky\endless-sky\vcpkg\buildtrees\versioning_\versions\glew\cfd894e57985fdb9c772bbf28a4aa261759bb6ac
    libjpeg-turbo:x64-mingw-dynamic -> 3.0.0 -- C:\Users\alkemper\source\repos\Other endless sky\endless-sky\vcpkg\buildtrees\versioning_\versions\libjpeg-turbo\3cd08939c6dab1963ac5b309a4205b2f4534fb79
    libmad:x64-mingw-dynamic -> 0.15.1#12 -- C:\Users\alkemper\source\repos\Other endless sky\endless-sky\vcpkg\buildtrees\versioning_\versions\libmad\eaed142825775ca972204c5c2d7720043eef3c2b
    libpng:x64-mingw-dynamic -> 1.6.39#1 -- C:\Users\alkemper\source\repos\Other endless sky\endless-sky\vcpkg\buildtrees\versioning_\versions\libpng\af144fe56e6e4c08cd8089d2e1dd46bae60a5062
    openal-soft:x64-mingw-dynamic -> 1.23.1 -- C:\Users\alkemper\source\repos\Other endless sky\endless-sky\vcpkg\buildtrees\versioning_\versions\openal-soft\d23d6573247830bd439e418fe0e31321de778d85
  * opengl:x64-mingw-dynamic -> 2022-12-04#3 -- C:\Users\alkemper\source\repos\Other endless sky\endless-sky\vcpkg\buildtrees\versioning_\versions\opengl\c3ae71738f88449ebcd781cef60d9a253fa091d4
  * opengl-registry:x64-mingw-dynamic -> 2022-09-29#1 -- C:\Users\alkemper\source\repos\Other endless sky\endless-sky\vcpkg\buildtrees\versioning_\versions\opengl-registry\367e1502c966f1df0656bdea115989650d01a781
    sdl2[base,core]:x64-mingw-dynamic -> 2.28.2 -- C:\Users\alkemper\source\repos\Other endless sky\endless-sky\vcpkg\buildtrees\versioning_\versions\sdl2\e2235ea94a5142fe57d9c27f6d2c3307177df933
  * vcpkg-cmake:x64-windows -> 2023-05-04 -- C:\Users\alkemper\source\repos\Other endless sky\endless-sky\vcpkg\buildtrees\versioning_\versions\vcpkg-cmake\88a7058fc7fa73a9c4c99cfcae9d79e2abf87a5a
  * vcpkg-cmake-config:x64-windows -> 2022-02-06#1 -- C:\Users\alkemper\source\repos\Other endless sky\endless-sky\vcpkg\buildtrees\versioning_\versions\vcpkg-cmake-config\8d54cc4f487d51b655abec5f9c9c3f86ca83311f
  * zlib:x64-mingw-dynamic -> 1.3 -- C:\Users\alkemper\source\repos\Other endless sky\endless-sky\vcpkg\buildtrees\versioning_\versions\zlib\5ac18c6e6e3e2bf5a9e3d0bc8a845f198e4c4e05
Additional packages (*) will be modified to complete this operation.
Restored 12 package(s) from C:\Users\alkemper\AppData\Local\vcpkg\archives in 6.1 s. Use --debug to see more details.
Installing 1/12 vcpkg-cmake-config:x64-windows...
Elapsed time to handle vcpkg-cmake-config:x64-windows: 15.5 ms
Installing 2/12 vcpkg-cmake:x64-windows...
Elapsed time to handle vcpkg-cmake:x64-windows: 29.8 ms
Installing 3/12 egl-registry:x64-mingw-dynamic...
Elapsed time to handle egl-registry:x64-mingw-dynamic: 84.4 ms
Installing 4/12 opengl-registry:x64-mingw-dynamic...
Elapsed time to handle opengl-registry:x64-mingw-dynamic: 105 ms
Installing 5/12 opengl:x64-mingw-dynamic...
Elapsed time to handle opengl:x64-mingw-dynamic: 40.3 ms
Installing 6/12 glew:x64-mingw-dynamic...
Elapsed time to handle glew:x64-mingw-dynamic: 80.7 ms
Installing 7/12 libjpeg-turbo:x64-mingw-dynamic...
Elapsed time to handle libjpeg-turbo:x64-mingw-dynamic: 73.1 ms
Installing 8/12 libmad:x64-mingw-dynamic...
Elapsed time to handle libmad:x64-mingw-dynamic: 62.4 ms
Installing 9/12 zlib:x64-mingw-dynamic...
Elapsed time to handle zlib:x64-mingw-dynamic: 83.9 ms
Installing 10/12 libpng:x64-mingw-dynamic...
Elapsed time to handle libpng:x64-mingw-dynamic: 85.4 ms
Installing 11/12 openal-soft:x64-mingw-dynamic...
Elapsed time to handle openal-soft:x64-mingw-dynamic: 135 ms
Installing 12/12 sdl2:x64-mingw-dynamic...
Elapsed time to handle sdl2:x64-mingw-dynamic: 202 ms
Total install time: 998 ms
